<?xml version="1.0" encoding="UTF-8"?>
<!-- Generated by org.testng.reporters.JUnitXMLReporter -->
<testsuite hostname="MacBook-Pro-van-Florin.local" ignored="0" name="Default test" tests="5" failures="0" timestamp="18 May 2018 09:17:24 GMT" time="1.432" errors="0">
  <testcase name="testResponseCode" time="1.102" classname="getRequest.GetData3"/>
  <testcase name="testBody" time="0.127" classname="getRequest.GetData3"/>
  <testcase name="testGet" time="0.066" classname="getRequest.GetData3"/>
  <testcase name="testStatusCode1" time="0.047" classname="getRequest.GetData3"/>
  <testcase name="testStatusCode2" time="0.069" classname="getRequest.GetData3"/>
</testsuite> <!-- Default test -->
