<?xml version="1.0" encoding="UTF-8"?>
<!-- Generated by org.testng.reporters.JUnitXMLReporter -->
<testsuite hostname="MacBook-Pro-van-Florin.local" ignored="0" name="restAssuredFramework" tests="5" failures="0" timestamp="18 May 2018 09:17:41 GMT" time="1.353" errors="0">
  <testcase name="testResponseCode" time="1.085" classname="getRequest.GetData3"/>
  <testcase name="testBody" time="0.095" classname="getRequest.GetData3"/>
  <testcase name="testGet" time="0.046" classname="getRequest.GetData3"/>
  <testcase name="testStatusCode1" time="0.043" classname="getRequest.GetData3"/>
  <testcase name="testStatusCode2" time="0.065" classname="getRequest.GetData3"/>
</testsuite> <!-- restAssuredFramework -->
