<?xml version="1.0" encoding="UTF-8"?>
<testng-results skipped="0" failed="0" ignored="0" total="5" passed="5">
  <reporter-output>
  </reporter-output>
  <suite name="Suite" duration-ms="1353" started-at="2018-05-18T09:17:40Z" finished-at="2018-05-18T09:17:41Z">
    <groups>
    </groups>
    <test name="restAssuredFramework" duration-ms="1353" started-at="2018-05-18T09:17:40Z" finished-at="2018-05-18T09:17:41Z">
      <class name="getRequest.GetData3">
        <test-method status="PASS" signature="testResponseCode()[pri:0, instance:getRequest.GetData3@6d00a15d]" name="testResponseCode" duration-ms="1085" started-at="2018-05-18T11:17:40Z" finished-at="2018-05-18T11:17:41Z">
          <reporter-output>
          </reporter-output>
        </test-method> <!-- testResponseCode -->
        <test-method status="PASS" signature="testBody()[pri:1, instance:getRequest.GetData3@6d00a15d]" name="testBody" duration-ms="95" started-at="2018-05-18T11:17:41Z" finished-at="2018-05-18T11:17:41Z">
          <reporter-output>
          </reporter-output>
        </test-method> <!-- testBody -->
        <test-method status="PASS" signature="testGet()[pri:2, instance:getRequest.GetData3@6d00a15d]" name="testGet" duration-ms="46" started-at="2018-05-18T11:17:41Z" finished-at="2018-05-18T11:17:41Z">
          <reporter-output>
          </reporter-output>
        </test-method> <!-- testGet -->
        <test-method status="PASS" signature="testStatusCode1()[pri:3, instance:getRequest.GetData3@6d00a15d]" name="testStatusCode1" duration-ms="43" started-at="2018-05-18T11:17:41Z" finished-at="2018-05-18T11:17:41Z">
          <reporter-output>
          </reporter-output>
        </test-method> <!-- testStatusCode1 -->
        <test-method status="PASS" signature="testStatusCode2()[pri:4, instance:getRequest.GetData3@6d00a15d]" name="testStatusCode2" duration-ms="65" started-at="2018-05-18T11:17:41Z" finished-at="2018-05-18T11:17:41Z">
          <reporter-output>
          </reporter-output>
        </test-method> <!-- testStatusCode2 -->
      </class> <!-- getRequest.GetData3 -->
    </test> <!-- restAssuredFramework -->
  </suite> <!-- Suite -->
</testng-results>
